2025-06-19 17:28:33,352 - INFO - Conexión exitosa a Odoo. UID: 26
2025-06-19 17:28:33,354 - INFO - Iniciando extracción de facturas...
2025-06-19 17:28:34,510 - INFO - Extraídas 100 facturas...
2025-06-19 17:28:34,956 - INFO - Extraídas 200 facturas...
2025-06-19 17:28:35,406 - INFO - Extraídas 300 facturas...
2025-06-19 17:28:35,860 - INFO - Extraídas 400 facturas...
2025-06-19 17:28:36,296 - INFO - Extraídas 500 facturas...
2025-06-19 17:28:36,730 - INFO - Extraídas 600 facturas...
2025-06-19 17:28:37,177 - INFO - Extraídas 700 facturas...
2025-06-19 17:28:37,663 - INFO - Extraídas 800 facturas...
2025-06-19 17:28:38,196 - INFO - Extraídas 900 facturas...
2025-06-19 17:28:38,639 - INFO - Extraídas 1000 facturas...
2025-06-19 17:28:39,138 - INFO - Extraídas 1100 facturas...
2025-06-19 17:28:39,594 - INFO - Extraídas 1200 facturas...
2025-06-19 17:28:40,055 - INFO - Extraídas 1300 facturas...
2025-06-19 17:28:40,536 - INFO - Extraídas 1400 facturas...
2025-06-19 17:28:41,054 - INFO - Extraídas 1500 facturas...
2025-06-19 17:28:41,514 - INFO - Extraídas 1600 facturas...
2025-06-19 17:28:41,984 - INFO - Extraídas 1700 facturas...
2025-06-19 17:28:42,482 - INFO - Extraídas 1800 facturas...
2025-06-19 17:28:42,953 - INFO - Extraídas 1900 facturas...
2025-06-19 17:28:43,399 - INFO - Extraídas 2000 facturas...
2025-06-19 17:28:43,859 - INFO - Extraídas 2100 facturas...
2025-06-19 17:28:44,372 - INFO - Extraídas 2200 facturas...
2025-06-19 17:28:44,823 - INFO - Extraídas 2300 facturas...
2025-06-19 17:28:45,250 - INFO - Extraídas 2400 facturas...
2025-06-19 17:28:45,722 - INFO - Extraídas 2500 facturas...
2025-06-19 17:28:46,183 - INFO - Extraídas 2600 facturas...
2025-06-19 17:28:46,634 - INFO - Extraídas 2700 facturas...
2025-06-19 17:28:47,096 - INFO - Extraídas 2800 facturas...
2025-06-19 17:28:47,530 - INFO - Extraídas 2900 facturas...
2025-06-19 17:28:47,985 - INFO - Extraídas 3000 facturas...
2025-06-19 17:28:48,441 - INFO - Extraídas 3100 facturas...
2025-06-19 17:28:48,879 - INFO - Extraídas 3200 facturas...
2025-06-19 17:28:49,330 - INFO - Extraídas 3300 facturas...
2025-06-19 17:28:49,808 - INFO - Extraídas 3400 facturas...
2025-06-19 17:28:50,242 - INFO - Extraídas 3500 facturas...
2025-06-19 17:28:50,679 - INFO - Extraídas 3600 facturas...
2025-06-19 17:28:51,137 - INFO - Extraídas 3700 facturas...
2025-06-19 17:28:51,589 - INFO - Extraídas 3800 facturas...
2025-06-19 17:28:52,057 - INFO - Extraídas 3900 facturas...
2025-06-19 17:28:52,491 - INFO - Extraídas 4000 facturas...
2025-06-19 17:28:52,924 - INFO - Extraídas 4100 facturas...
2025-06-19 17:28:53,365 - INFO - Extraídas 4200 facturas...
2025-06-19 17:28:53,829 - INFO - Extraídas 4300 facturas...
2025-06-19 17:28:54,336 - INFO - Extraídas 4400 facturas...
2025-06-19 17:28:54,795 - INFO - Extraídas 4500 facturas...
2025-06-19 17:28:55,240 - INFO - Extraídas 4600 facturas...
2025-06-19 17:28:55,686 - INFO - Extraídas 4700 facturas...
2025-06-19 17:28:56,112 - INFO - Extraídas 4800 facturas...
2025-06-19 17:28:56,559 - INFO - Extraídas 4900 facturas...
2025-06-19 17:28:56,999 - INFO - Extraídas 5000 facturas...
2025-06-19 17:29:02,186 - INFO - Extrayendo líneas de 5000 facturas...
2025-06-19 17:29:09,230 - INFO - Extrayendo estado de cobranza...
2025-06-19 17:29:10,063 - INFO - Combinando datos...
2025-06-19 17:29:10,089 - INFO - Total facturas: 5000, Con detalle: 5000
2025-06-19 17:29:10,201 - INFO - Archivo guardado exitosamente: C:\Users\movin\OneDrive\Escritorio\extraccion_odoo\facturas_completo.csv
2025-06-19 17:29:10,202 - INFO - Total de registros: 5000
2025-06-19 17:29:10,202 - INFO - Proceso completado exitosamente
